<?xml version="1.0" encoding="UTF-8"?>
<testng-results ignored="0" total="1" passed="1" failed="0" skipped="0">
  <reporter-output>
  </reporter-output>
  <suite started-at="2024-12-05T14:48:25 IST" name="Suite" finished-at="2024-12-05T14:48:30 IST" duration-ms="5397">
    <groups>
    </groups>
    <test started-at="2024-12-05T14:48:25 IST" name="Test" finished-at="2024-12-05T14:48:30 IST" duration-ms="5397">
      <class name="CommonFunction.MMBLoginTC">
        <test-method is-config="true" signature="BrowserSelection()[pri:0, instance:CommonFunction.MMBLoginTC@c074c0c]" started-at="2024-12-05T14:48:16 IST" name="BrowserSelection" finished-at="2024-12-05T14:48:25 IST" duration-ms="8401" status="PASS">
          <reporter-output>
          </reporter-output>
        </test-method> <!-- BrowserSelection -->
        <test-method signature="MMBLoginmethod()[pri:0, instance:CommonFunction.MMBLoginTC@c074c0c]" started-at="2024-12-05T14:48:25 IST" name="MMBLoginmethod" finished-at="2024-12-05T14:48:30 IST" duration-ms="5356" status="PASS">
          <reporter-output>
          </reporter-output>
        </test-method> <!-- MMBLoginmethod -->
        <test-method is-config="true" signature="Teardown()[pri:0, instance:CommonFunction.MMBLoginTC@c074c0c]" started-at="2024-12-05T14:48:30 IST" name="Teardown" finished-at="2024-12-05T14:48:30 IST" duration-ms="1" status="PASS">
          <reporter-output>
          </reporter-output>
        </test-method> <!-- Teardown -->
      </class> <!-- CommonFunction.MMBLoginTC -->
    </test> <!-- Test -->
  </suite> <!-- Suite -->
</testng-results>
