<?xml version="1.0" encoding="UTF-8"?>
<testng-results ignored="0" total="6" passed="6" failed="0" skipped="0">
  <reporter-output>
  </reporter-output>
  <suite started-at="2025-09-16T10:49:54 IST" name="Suite" finished-at="2025-09-16T10:52:28 IST" duration-ms="153811">
    <groups>
    </groups>
    <test started-at="2025-09-16T10:49:54 IST" name="Test" finished-at="2025-09-16T10:52:28 IST" duration-ms="153811">
      <class name="CommonFunction.MMBLoginTC">
        <test-method is-config="true" signature="BrowserSelection()[pri:0, instance:CommonFunction.MMBLoginTC@68d6972f]" started-at="2025-09-16T10:49:50 IST" name="BrowserSelection" finished-at="2025-09-16T10:49:54 IST" duration-ms="3330" status="PASS">
          <reporter-output>
          </reporter-output>
        </test-method> <!-- BrowserSelection -->
        <test-method signature="MMBLoginmethod()[pri:0, instance:CommonFunction.MMBLoginTC@68d6972f]" started-at="2025-09-16T10:49:54 IST" name="MMBLoginmethod" finished-at="2025-09-16T10:50:01 IST" duration-ms="6903" status="PASS">
          <reporter-output>
          </reporter-output>
        </test-method> <!-- MMBLoginmethod -->
        <test-method is-config="true" signature="Teardown()[pri:0, instance:CommonFunction.MMBLoginTC@68d6972f]" started-at="2025-09-16T10:52:28 IST" name="Teardown" finished-at="2025-09-16T10:52:28 IST" duration-ms="1" status="PASS">
          <reporter-output>
          </reporter-output>
        </test-method> <!-- Teardown -->
      </class> <!-- CommonFunction.MMBLoginTC -->
      <class name="CommonFunction.MMBPaymentTC">
        <test-method signature="getPayment()[pri:0, instance:CommonFunction.MMBPaymentTC@5b6813df]" started-at="2025-09-16T10:50:38 IST" name="getPayment" finished-at="2025-09-16T10:52:28 IST" duration-ms="109165" status="PASS">
          <reporter-output>
          </reporter-output>
        </test-method> <!-- getPayment -->
      </class> <!-- CommonFunction.MMBPaymentTC -->
      <class name="MMBChangeFlightTC.MMBFlightResultSelection">
        <test-method signature="Flightresult()[pri:0, instance:MMBChangeFlightTC.MMBFlightResultSelection@117e0fe5]" started-at="2025-09-16T10:50:01 IST" name="Flightresult" finished-at="2025-09-16T10:50:17 IST" duration-ms="15775" status="PASS">
          <reporter-output>
          </reporter-output>
        </test-method> <!-- Flightresult -->
      </class> <!-- MMBChangeFlightTC.MMBFlightResultSelection -->
      <class name="MMBChangeFlightTC.MMBItinerarySelection">
        <test-method signature="VerifyItinerary()[pri:0, instance:MMBChangeFlightTC.MMBItinerarySelection@78aea4b9]" started-at="2025-09-16T10:50:38 IST" name="VerifyItinerary" finished-at="2025-09-16T10:50:38 IST" duration-ms="195" status="PASS">
          <reporter-output>
          </reporter-output>
        </test-method> <!-- VerifyItinerary -->
      </class> <!-- MMBChangeFlightTC.MMBItinerarySelection -->
      <class name="MMBChangeFlightTC.MMBChangeFlightAddonSelection">
        <test-method signature="ChangeAddonpage()[pri:0, instance:MMBChangeFlightTC.MMBChangeFlightAddonSelection@18a3962d]" started-at="2025-09-16T10:50:17 IST" name="ChangeAddonpage" finished-at="2025-09-16T10:50:38 IST" duration-ms="21015" status="PASS">
          <reporter-output>
          </reporter-output>
        </test-method> <!-- ChangeAddonpage -->
      </class> <!-- MMBChangeFlightTC.MMBChangeFlightAddonSelection -->
      <class name="MMBChangeFlightTC.MMBChangeDateSelection">
        <test-method signature="ChangeDateSelectionmethod()[pri:0, instance:MMBChangeFlightTC.MMBChangeDateSelection@649725e3]" started-at="2025-09-16T10:50:01 IST" name="ChangeDateSelectionmethod" finished-at="2025-09-16T10:50:01 IST" duration-ms="669" status="PASS">
          <reporter-output>
          </reporter-output>
        </test-method> <!-- ChangeDateSelectionmethod -->
      </class> <!-- MMBChangeFlightTC.MMBChangeDateSelection -->
    </test> <!-- Test -->
  </suite> <!-- Suite -->
</testng-results>
