<?xml version="1.0" encoding="UTF-8"?>
<!-- Generated by org.testng.reporters.JUnitXMLReporter -->
<testsuite ignored="10" hostname="LAPTOP-TCIABFM5" failures="0" tests="6" name="Test" time="153.811" errors="0" timestamp="2025-09-16T10:52:28 IST">
  <testcase classname="CommonFunction.MMBLoginTC" name="MMBLoginmethod" time="6.903"/>
  <testcase classname="MMBChangeFlightTC.MMBChangeDateSelection" name="ChangeDateSelectionmethod" time="0.669"/>
  <testcase classname="MMBChangeFlightTC.MMBFlightResultSelection" name="Flightresult" time="15.775"/>
  <testcase classname="MMBChangeFlightTC.MMBChangeFlightAddonSelection" name="ChangeAddonpage" time="21.015"/>
  <testcase classname="MMBChangeFlightTC.MMBItinerarySelection" name="VerifyItinerary" time="0.195"/>
  <testcase classname="CommonFunction.MMBPaymentTC" name="getPayment" time="109.165"/>
  <testcase classname="UtilityFunction.GeneralFunction" name="@AfterSuite Teardown" time="0.0">
    <ignored/>
  </testcase> <!-- @AfterSuite Teardown -->
  <testcase classname="UtilityFunction.GeneralFunction" name="@AfterSuite Teardown" time="0.0">
    <ignored/>
  </testcase> <!-- @AfterSuite Teardown -->
  <testcase classname="UtilityFunction.GeneralFunction" name="@BeforeSuite BrowserSelection" time="0.0">
    <ignored/>
  </testcase> <!-- @BeforeSuite BrowserSelection -->
  <testcase classname="UtilityFunction.GeneralFunction" name="@BeforeSuite BrowserSelection" time="0.0">
    <ignored/>
  </testcase> <!-- @BeforeSuite BrowserSelection -->
  <testcase classname="UtilityFunction.GeneralFunction" name="@AfterSuite Teardown" time="0.0">
    <ignored/>
  </testcase> <!-- @AfterSuite Teardown -->
  <testcase classname="UtilityFunction.GeneralFunction" name="@BeforeSuite BrowserSelection" time="0.0">
    <ignored/>
  </testcase> <!-- @BeforeSuite BrowserSelection -->
  <testcase classname="UtilityFunction.GeneralFunction" name="@BeforeSuite BrowserSelection" time="0.0">
    <ignored/>
  </testcase> <!-- @BeforeSuite BrowserSelection -->
  <testcase classname="UtilityFunction.GeneralFunction" name="@BeforeSuite BrowserSelection" time="0.0">
    <ignored/>
  </testcase> <!-- @BeforeSuite BrowserSelection -->
  <testcase classname="UtilityFunction.GeneralFunction" name="@AfterSuite Teardown" time="0.0">
    <ignored/>
  </testcase> <!-- @AfterSuite Teardown -->
  <testcase classname="UtilityFunction.GeneralFunction" name="@AfterSuite Teardown" time="0.0">
    <ignored/>
  </testcase> <!-- @AfterSuite Teardown -->
</testsuite> <!-- Test -->
