<?xml version="1.0" encoding="UTF-8"?>
<!-- Generated by org.testng.reporters.JUnitXMLReporter -->
<testsuite ignored="0" hostname="LAPTOP-TCIABFM5" failures="0" tests="1" name="Test" time="0.042" errors="0" timestamp="2024-12-05T14:29:47 IST">
  <testcase classname="UtilityFunction.GeneralFunction" name="@BeforeSuite BrowserSelection" time="0.016">
    <failure type="java.lang.NullPointerException" message="Cannot invoke &amp;quot;org.openqa.selenium.WebDriver.get(String)&amp;quot; because the return value of &amp;quot;UtilityFunction.GeneralFunction.getDriver()&amp;quot; is null">
      <![CDATA[java.lang.NullPointerException: Cannot invoke "org.openqa.selenium.WebDriver.get(String)" because the return value of "UtilityFunction.GeneralFunction.getDriver()" is null
at UtilityFunction.GeneralFunction.BrowserSelection(GeneralFunction.java:71)
... Removed 19 stack frames]]>
    </failure>
  </testcase> <!-- @BeforeSuite BrowserSelection -->
  <testcase classname="CommonFunction.MMBLoginTC" name="MMBLoginmethod" time="0.0">
    <skipped/>
  </testcase> <!-- MMBLoginmethod -->
</testsuite> <!-- Test -->
