<?xml version="1.0" encoding="UTF-8"?>
<!-- Generated by org.testng.reporters.JUnitXMLReporter -->
<testsuite ignored="10" hostname="LAPTOP-TCIABFM5" failures="0" tests="6" name="Test" time="0.076" errors="0" timestamp="2024-12-06T11:52:49 IST">
  <testcase classname="UtilityFunction.GeneralFunction" name="@BeforeSuite BrowserSelection" time="0.015">
    <failure type="java.lang.NullPointerException" message="Cannot invoke &amp;quot;String.equalsIgnoreCase(String)&amp;quot; because &amp;quot;UtilityFunction.Constant.Browserproperty&amp;quot; is null">
      <![CDATA[java.lang.NullPointerException: Cannot invoke "String.equalsIgnoreCase(String)" because "UtilityFunction.Constant.Browserproperty" is null
at UtilityFunction.GeneralFunction.BrowserSelection(GeneralFunction.java:63)
... Removed 19 stack frames]]>
    </failure>
  </testcase> <!-- @BeforeSuite BrowserSelection -->
  <testcase classname="CommonFunction.MMBLoginTC" name="MMBLoginmethod" time="0.0">
    <skipped/>
  </testcase> <!-- MMBLoginmethod -->
  <testcase classname="MMBChangeFlightTC.MMBFlightResultSelection$MMBFlightResultmethod" name="Flightresult" time="0.0">
    <skipped/>
  </testcase> <!-- Flightresult -->
  <testcase classname="MMBChangeFlightTC.MMBChangeDateSelection" name="ChangeDateSelectionmethod" time="0.001">
    <skipped/>
  </testcase> <!-- ChangeDateSelectionmethod -->
  <testcase classname="MMBChangeFlightTC.MMBChangeFlightAddonSelection" name="ChangeAddonpage" time="0.0">
    <skipped/>
  </testcase> <!-- ChangeAddonpage -->
  <testcase classname="MMBChangeFlightTC.MMBItinerarySelection" name="VerifyItinerary" time="0.0">
    <skipped/>
  </testcase> <!-- VerifyItinerary -->
  <testcase classname="CommonFunction.MMBPaymentTC" name="getPayment" time="0.0">
    <skipped/>
  </testcase> <!-- getPayment -->
  <testcase classname="UtilityFunction.GeneralFunction" name="@BeforeSuite BrowserSelection" time="0.0">
    <ignored/>
  </testcase> <!-- @BeforeSuite BrowserSelection -->
  <testcase classname="UtilityFunction.GeneralFunction" name="@AfterSuite Teardown" time="0.0">
    <ignored/>
  </testcase> <!-- @AfterSuite Teardown -->
  <testcase classname="UtilityFunction.GeneralFunction" name="@BeforeSuite BrowserSelection" time="0.0">
    <ignored/>
  </testcase> <!-- @BeforeSuite BrowserSelection -->
  <testcase classname="UtilityFunction.GeneralFunction" name="@AfterSuite Teardown" time="0.0">
    <ignored/>
  </testcase> <!-- @AfterSuite Teardown -->
  <testcase classname="UtilityFunction.GeneralFunction" name="@AfterSuite Teardown" time="0.0">
    <ignored/>
  </testcase> <!-- @AfterSuite Teardown -->
  <testcase classname="UtilityFunction.GeneralFunction" name="@BeforeSuite BrowserSelection" time="0.0">
    <ignored/>
  </testcase> <!-- @BeforeSuite BrowserSelection -->
  <testcase classname="UtilityFunction.GeneralFunction" name="@BeforeSuite BrowserSelection" time="0.0">
    <ignored/>
  </testcase> <!-- @BeforeSuite BrowserSelection -->
  <testcase classname="UtilityFunction.GeneralFunction" name="@BeforeSuite BrowserSelection" time="0.0">
    <ignored/>
  </testcase> <!-- @BeforeSuite BrowserSelection -->
  <testcase classname="UtilityFunction.GeneralFunction" name="@AfterSuite Teardown" time="0.0">
    <ignored/>
  </testcase> <!-- @AfterSuite Teardown -->
  <testcase classname="UtilityFunction.GeneralFunction" name="@AfterSuite Teardown" time="0.0">
    <ignored/>
  </testcase> <!-- @AfterSuite Teardown -->
</testsuite> <!-- Test -->
